ucr.edu started at 0.01
ucr.edu has not been visited!
ucsb.edu started at 0.01
ucsb.edu has not been visited!
ucla.edu started at 0.02
ucla.edu has not been visited!
ucsd.edu started at 0.02
ucsd.edu has not been visited!
ucd.edu started at 0.02
ucd.edu has not been visited!
ucsc.edu started at 0.02
ucsc.edu has not been visited!
uci.edu started at 0.02
uci.edu has not been visited!
ucsf.edu started at 0.02
ucsf.edu has not been visited!
ucm.edu started at 0.02
ucm.edu has not been visited!
ucsb.edu is saved to disk
ucsb.edu took 1.32 seconds

ucsd.edu is saved to disk
ucsd.edu took 1.56 seconds

ucsf.edu is saved to disk
ucsf.edu took 1.76 seconds

ucsc.edu is saved to disk
ucsc.edu took 1.81 seconds

ucla.edu is saved to disk
ucla.edu took 1.90 seconds

ucm.edu is saved to disk
ucm.edu took 1.94 seconds

ucr.edu is saved to disk
ucr.edu took 1.98 seconds

uci.edu is saved to disk
uci.edu took 2.43 seconds

ucsb.edu/COVID-19-information started at 4.34
ucsb.edu/COVID-19-information already visited!
cdc.gov/coronavirus/2019-ncov/index.html started at 4.58
cdc.gov/coronavirus/2019-ncov/index.html has not been visited!
ucsb.edu/ started at 4.78
ucsb.edu/ already visited!
giving.ucsb.edu/?utm_source=ucsb-homepage&utm_medium=give-button&utm_campaign=giving-site started at 4.83
giving.ucsb.edu/?utm_source=ucsb-homepage&utm_medium=give-button&utm_campaign=giving-site has not been visited!
ucsb.edu/ started at 4.92
ucsb.edu/ already visited!
ucsb.edu/admin/structure/block/manage/searchform?destination=search/content started at 4.96
ucsb.edu/admin/structure/block/manage/searchform?destination=search/content already visited!
ucsb.edu/directory started at 4.98
ucsb.edu/directory already visited!
ucsb.edu/COVID-19-information took 1.00 seconds

ucsb.edu/a-z started at 5.45
ucsb.edu/a-z already visited!
ucsb.edu/ took 1.00 seconds

ucsb.edu/ took 1.00 seconds

ucsb.edu/admin/structure/block/manage/searchform?destination=search/content took 1.01 seconds

ucsb.edu/directory took 1.01 seconds

cdc.gov/coronavirus/2019-ncov/index.html is saved to disk
cdc.gov/coronavirus/2019-ncov/index.html took 1.52 seconds

giving.ucsb.edu/?utm_source=ucsb-homepage&utm_medium=give-button&utm_campaign=giving-site is saved to disk
giving.ucsb.edu/?utm_source=ucsb-homepage&utm_medium=give-button&utm_campaign=giving-site took 1.60 seconds

ucsb.edu/a-z took 1.00 seconds

ucsb.edu/applying started at 8.34
ucsb.edu/applying already visited!
ucsb.edu/applying started at 8.79
ucsb.edu/applying already visited!
ucsb.edu/applying/undergraduate-admission started at 8.92
ucsb.edu/applying/undergraduate-admission already visited!
ucsb.edu/applying/graduate-admission started at 8.98
ucsb.edu/applying/graduate-admission already visited!
ucsb.edu/applying/international-students started at 9.00
ucsb.edu/applying/international-students already visited!
summer.ucsb.edu/ started at 9.11
summer.ucsb.edu/ has not been visited!
ucsb.edu/applying took 1.00 seconds

extension.ucsb.edu/ started at 9.43
extension.ucsb.edu/ has not been visited!
ucsb.edu/academics started at 9.46
ucsb.edu/academics already visited!
ucsb.edu/applying took 1.00 seconds

ucsb.edu/applying/undergraduate-admission took 1.00 seconds

ucsb.edu/applying/graduate-admission took 1.00 seconds

ucsb.edu/applying/international-students took 1.00 seconds

ucsb.edu/academics took 1.00 seconds

extension.ucsb.edu/ is saved to disk
extension.ucsb.edu/ took 1.14 seconds

summer.ucsb.edu/ is saved to disk
summer.ucsb.edu/ took 2.05 seconds

ucsb.edu/academics started at 12.34
ucsb.edu/academics already visited!
ucsb.edu/academics/undergraduate started at 12.79
ucsb.edu/academics/undergraduate already visited!
ucsb.edu/academics/graduate started at 12.93
ucsb.edu/academics/graduate already visited!
ucsb.edu/academics/professional-and-continuing-education started at 12.98
ucsb.edu/academics/professional-and-continuing-education already visited!
ucsb.edu/academics/additional-opportunities started at 13.00
ucsb.edu/academics/additional-opportunities already visited!
ucsb.edu/academics took 1.00 seconds

ucsb.edu/academics/academic-departments-and-programs started at 13.46
ucsb.edu/academics/academic-departments-and-programs already visited!
ucsb.edu/academics/academic-offices started at 13.58
ucsb.edu/academics/academic-offices already visited!
ucsb.edu/academics/undergraduate took 1.00 seconds

ucsb.edu/academics/graduate took 1.00 seconds

ucsb.edu/academics/professional-and-continuing-education took 1.00 seconds

ucsb.edu/academics/additional-opportunities took 1.00 seconds

ucsb.edu/academics/mentorship-and-teaching started at 14.16
ucsb.edu/academics/mentorship-and-teaching already visited!
ucsb.edu/academics/academic-departments-and-programs took 1.00 seconds

ucsb.edu/academics/academic-offices took 1.00 seconds

ucsb.edu/academics/mentorship-and-teaching took 1.00 seconds

ucsb.edu/research started at 16.34
ucsb.edu/research already visited!
ucsb.edu/research started at 16.80
ucsb.edu/research already visited!
research.ucsb.edu/ started at 16.93
research.ucsb.edu/ has not been visited!
undergrad.research.ucsb.edu/ started at 16.99
undergrad.research.ucsb.edu/ has not been visited!
library.ucsb.edu started at 17.01
library.ucsb.edu has not been visited!
ucsb.edu/research took 1.00 seconds

news.ucsb.edu/?utm_source=ucsb-edu&utm_medium=main-nav-research started at 17.47
news.ucsb.edu/?utm_source=ucsb-edu&utm_medium=main-nav-research has not been visited!
research.ucsb.edu/organized-research-units started at 17.58
research.ucsb.edu/organized-research-units already visited!
ucsb.edu/research took 1.00 seconds

research.ucsb.edu/ is saved to disk
research.ucsb.edu/ took 1.16 seconds

ucsb.edu/research/research-in-60-seconds started at 18.16
ucsb.edu/research/research-in-60-seconds already visited!
library.ucsb.edu is saved to disk
library.ucsb.edu took 1.28 seconds

research.ucsb.edu/organized-research-units took 1.00 seconds

news.ucsb.edu/?utm_source=ucsb-edu&utm_medium=main-nav-research is saved to disk
news.ucsb.edu/?utm_source=ucsb-edu&utm_medium=main-nav-research took 1.17 seconds

undergrad.research.ucsb.edu/ is saved to disk
undergrad.research.ucsb.edu/ took 1.68 seconds

ucsb.edu/research/research-in-60-seconds took 1.00 seconds

ucsb.edu/campus-experience started at 20.35
ucsb.edu/campus-experience already visited!
ucsb.edu/campus-experience started at 20.80
ucsb.edu/campus-experience already visited!
ucsb.enterprise.localist.com/ started at 21.09
ucsb.enterprise.localist.com/ has not been visited!
ucsbgauchos.com started at 21.29
ucsbgauchos.com has not been visited!
ucsb.edu/campus-experience took 1.01 seconds

recreation.sa.ucsb.edu/ started at 21.59
recreation.sa.ucsb.edu/ has not been visited!
housing.ucsb.edu/ started at 21.64
housing.ucsb.edu/ has not been visited!
osl.sa.ucsb.edu/ started at 21.67
osl.sa.ucsb.edu/ has not been visited!
ucsb.edu/campus-experience took 1.00 seconds

wellbeing.ucsb.edu started at 22.16
wellbeing.ucsb.edu has not been visited!
ucsbgauchos.com is saved to disk
ucsbgauchos.com took 1.06 seconds

ucsb.enterprise.localist.com/ is saved to disk
ucsb.enterprise.localist.com/ took 1.60 seconds

recreation.sa.ucsb.edu/ is saved to disk
recreation.sa.ucsb.edu/ took 1.19 seconds

housing.ucsb.edu/ is saved to disk
housing.ucsb.edu/ took 1.50 seconds

osl.sa.ucsb.edu/ is saved to disk
osl.sa.ucsb.edu/ took 1.58 seconds

wellbeing.ucsb.edu is saved to disk
wellbeing.ucsb.edu took 1.20 seconds

ucsb.edu/about started at 24.36
ucsb.edu/about already visited!
ucsb.edu/about started at 24.80
ucsb.edu/about already visited!
ucsb.edu/about/majors-degrees-and-credentials started at 25.36
ucsb.edu/about/majors-degrees-and-credentials already visited!
ucsb.edu/about took 1.00 seconds

ucsb.edu/about/facts-and-figures started at 25.70
ucsb.edu/about/facts-and-figures already visited!
ucsb.edu/about/faculty-and-alumni started at 25.78
ucsb.edu/about/faculty-and-alumni already visited!
ucsb.edu/about took 1.01 seconds

ucsb.edu/about/history started at 26.14
ucsb.edu/about/history already visited!
ucsb.edu/about/administration started at 26.25
ucsb.edu/about/administration already visited!
ucsb.edu/about/majors-degrees-and-credentials took 1.00 seconds

ucsb.edu/about/visit started at 26.37
ucsb.edu/about/visit already visited!
ucsb.edu/about/facts-and-figures took 1.00 seconds

ucsb.edu/about/faculty-and-alumni took 1.00 seconds

ucsb.edu/about/history took 1.00 seconds

ucsb.edu/about/administration took 1.00 seconds

ucsb.edu/about/visit took 1.00 seconds

ucsb.edu/about/faq started at 28.36
ucsb.edu/about/faq already visited!
ucsb.edu/future-students started at 28.81
ucsb.edu/future-students already visited!
ucsb.edu/students started at 29.36
ucsb.edu/students already visited!
ucsb.edu/about/faq took 1.00 seconds

ucsb.edu/parents-and-visitors started at 29.70
ucsb.edu/parents-and-visitors already visited!
ucsb.edu/faculty-and-staff started at 29.78
ucsb.edu/faculty-and-staff already visited!
ucsb.edu/future-students took 1.00 seconds

alumni.ucsb.edu/index.php?utm_source=ucsb-edu&utm_medium=quick-links started at 30.15
alumni.ucsb.edu/index.php?utm_source=ucsb-edu&utm_medium=quick-links has not been visited!
ucsb.edu/a-z started at 30.26
ucsb.edu/a-z already visited!
ucsb.edu/students took 1.00 seconds

ucsb.edu/directory started at 30.37
ucsb.edu/directory already visited!
ucsb.edu/parents-and-visitors took 1.00 seconds

ucsb.edu/faculty-and-staff took 1.00 seconds

ucsb.edu/a-z took 1.01 seconds

alumni.ucsb.edu/index.php?utm_source=ucsb-edu&utm_medium=quick-links is saved to disk
alumni.ucsb.edu/index.php?utm_source=ucsb-edu&utm_medium=quick-links took 1.16 seconds

ucsb.edu/directory took 1.00 seconds

giving.ucsb.edu/?utm_source=ucsb-homepage&utm_medium=give-button&utm_campaign=giving-site started at 32.36
giving.ucsb.edu/?utm_source=ucsb-homepage&utm_medium=give-button&utm_campaign=giving-site already visited!
ucnet.universityofcalifornia.edu/data-security/accellion-notice.html started at 32.81
ucnet.universityofcalifornia.edu/data-security/accellion-notice.html has not been visited!
giving.ucsb.edu/?utm_source=ucsb-homepage&utm_medium=give-button&utm_campaign=giving-site took 1.00 seconds

news.ucsb.edu/2021/020300/feedback-loops-marine-protection started at 33.36
news.ucsb.edu/2021/020300/feedback-loops-marine-protection already visited!
news.ucsb.edu/2021/020299/eight-great started at 33.70
news.ucsb.edu/2021/020299/eight-great already visited!
news.ucsb.edu/2021/020302/write-stuff started at 33.79
news.ucsb.edu/2021/020302/write-stuff already visited!
ucnet.universityofcalifornia.edu/data-security/accellion-notice.html is saved to disk
ucnet.universityofcalifornia.edu/data-security/accellion-notice.html took 1.45 seconds

news.ucsb.edu/2021/020303/understanding-arctic started at 34.27
news.ucsb.edu/2021/020303/understanding-arctic already visited!
news.ucsb.edu/?utm_source=ucsb-edu-homepage&utm_medium=more-news-button started at 34.32
news.ucsb.edu/?utm_source=ucsb-edu-homepage&utm_medium=more-news-button already visited!
news.ucsb.edu/2021/020300/feedback-loops-marine-protection took 1.00 seconds

campuscalendar.ucsb.edu/?utm_source=ucsb-edu-homepage&utm_medium=more-events-button started at 34.38
campuscalendar.ucsb.edu/?utm_source=ucsb-edu-homepage&utm_medium=more-events-button has not been visited!
news.ucsb.edu/2021/020299/eight-great took 1.00 seconds

news.ucsb.edu/2021/020302/write-stuff took 1.00 seconds

news.ucsb.edu/2021/020303/understanding-arctic took 1.01 seconds

news.ucsb.edu/?utm_source=ucsb-edu-homepage&utm_medium=more-news-button took 1.00 seconds

my.sa.ucsb.edu/catalog/Current/UndergraduateDegreeList.aspx started at 36.36
my.sa.ucsb.edu/catalog/Current/UndergraduateDegreeList.aspx has not been visited!
campuscalendar.ucsb.edu/?utm_source=ucsb-edu-homepage&utm_medium=more-events-button is saved to disk
campuscalendar.ucsb.edu/?utm_source=ucsb-edu-homepage&utm_medium=more-events-button took 2.83 seconds

graddiv.ucsb.edu/admissions started at 37.27
graddiv.ucsb.edu/admissions has not been visited!
admissions.sa.ucsb.edu/ started at 37.37
admissions.sa.ucsb.edu/ has not been visited!
ucsb.edu/directory started at 37.70
ucsb.edu/directory already visited!
admissions.sa.ucsb.edu/applying/freshman started at 37.79
admissions.sa.ucsb.edu/applying/freshman already visited!
ucsb.edu/about/majors-degrees-and-credentials started at 38.28
ucsb.edu/about/majors-degrees-and-credentials already visited!
my.sa.ucsb.edu/catalog/Current/GraduateDegrees.aspx started at 38.33
my.sa.ucsb.edu/catalog/Current/GraduateDegrees.aspx already visited!
ucsb.edu/directory took 1.01 seconds

my.sa.ucsb.edu/catalog/Current/UndergraduateDegreeList.aspx is saved to disk
my.sa.ucsb.edu/catalog/Current/UndergraduateDegreeList.aspx took 2.39 seconds

admissions.sa.ucsb.edu/applying/freshman took 1.01 seconds

graddiv.ucsb.edu/admissions is saved to disk
graddiv.ucsb.edu/admissions took 1.91 seconds

admissions.sa.ucsb.edu/ is saved to disk
admissions.sa.ucsb.edu/ took 1.83 seconds

ucsb.edu/about/majors-degrees-and-credentials took 1.00 seconds

my.sa.ucsb.edu/catalog/Current/GraduateDegrees.aspx took 1.00 seconds

admissions.sa.ucsb.edu/applying/transfer started at 40.21
admissions.sa.ucsb.edu/applying/transfer already visited!
admissions.sa.ucsb.edu/applying/transfer took 1.00 seconds

ucsb.edu/future-students started at 41.71
ucsb.edu/future-students already visited!
ucsb.edu/students started at 41.75
ucsb.edu/students already visited!
ucsb.edu/faculty-and-staff started at 41.80
ucsb.edu/faculty-and-staff already visited!
ucsb.edu/parents-and-visitors started at 42.18
ucsb.edu/parents-and-visitors already visited!
alumni.ucsb.edu/index.php?utm_source=ucsb-edu-homepage&utm_medium=popular-links started at 42.21
alumni.ucsb.edu/index.php?utm_source=ucsb-edu-homepage&utm_medium=popular-links already visited!
facebook.com/ucsantabarbara started at 42.29
facebook.com/ucsantabarbara has not been visited!
twitter.com/ucsantabarbara started at 42.33
twitter.com/ucsantabarbara has not been visited!
ucsb.edu/future-students took 1.00 seconds

ucsb.edu/students took 1.00 seconds

ucsb.edu/faculty-and-staff took 1.00 seconds

ucsb.edu/parents-and-visitors took 1.00 seconds

alumni.ucsb.edu/index.php?utm_source=ucsb-edu-homepage&utm_medium=popular-links took 1.00 seconds

facebook.com/ucsantabarbara is saved to disk
facebook.com/ucsantabarbara took 1.41 seconds

twitter.com/ucsantabarbara is saved to disk
twitter.com/ucsantabarbara took 1.47 seconds

instagram.com/ucsantabarbara/ started at 44.22
instagram.com/ucsantabarbara/ has not been visited!
linkedin.com/school/ucsantabarbara started at 45.72
linkedin.com/school/ucsantabarbara has not been visited!
youtube.com/c/ucsantabarbara started at 45.75
youtube.com/c/ucsantabarbara has not been visited!
instagram.com/ucsantabarbara/ is saved to disk
instagram.com/ucsantabarbara/ took 1.57 seconds

vimeo.com/ucsantabarbara started at 45.80
vimeo.com/ucsantabarbara has not been visited!
ucsb.edu/contact started at 46.19
ucsb.edu/contact already visited!
ucsb.edu/jobs started at 46.21
ucsb.edu/jobs already visited!
admissions.sa.ucsb.edu/visit-ucsb/virtual-tours started at 46.70
admissions.sa.ucsb.edu/visit-ucsb/virtual-tours already visited!
ucsb.edu/policies-and-disclosures started at 46.81
ucsb.edu/policies-and-disclosures already visited!
vimeo.com/ucsantabarbara is saved to disk
vimeo.com/ucsantabarbara took 1.39 seconds

ucsb.edu/contact took 1.00 seconds

ucsb.edu/jobs took 1.01 seconds

admissions.sa.ucsb.edu/visit-ucsb/virtual-tours took 1.00 seconds

linkedin.com/school/ucsantabarbara is saved to disk
linkedin.com/school/ucsantabarbara took 2.06 seconds

ucsb.edu/policies-and-disclosures took 1.01 seconds

titleix.ucsb.edu/ started at 48.80
titleix.ucsb.edu/ has not been visited!
titleix.ucsb.edu/ is saved to disk
titleix.ucsb.edu/ took 1.29 seconds

ucsb.edu/future-students started at 50.20
ucsb.edu/future-students already visited!
ucsb.edu/students started at 50.20
ucsb.edu/students already visited!
ucsb.edu/parents-and-visitors started at 50.23
ucsb.edu/parents-and-visitors already visited!
ucsb.edu/faculty-and-staff started at 50.74
ucsb.edu/faculty-and-staff already visited!
alumni.ucsb.edu/index.php?utm_source=ucsb-edu&utm_medium=footer started at 50.82
alumni.ucsb.edu/index.php?utm_source=ucsb-edu&utm_medium=footer already visited!
ucsb.edu/terms-of-use started at 50.82
ucsb.edu/terms-of-use already visited!
ucsb.edu/parents-and-visitors took 1.06 seconds

ucsb.edu/future-students took 1.08 seconds

ucsb.edu/students took 1.08 seconds

ucsb.edu/faculty-and-staff took 1.01 seconds

alumni.ucsb.edu/index.php?utm_source=ucsb-edu&utm_medium=footer took 1.01 seconds

ucsb.edu/terms-of-use took 1.01 seconds

youtube.com/c/ucsantabarbara is saved to disk
youtube.com/c/ucsantabarbara took 6.73 seconds

ucsb.edu/accessibility started at 53.09
ucsb.edu/accessibility already visited!
ucsb.edu/accessibility took 1.00 seconds

blink.ucsd.edu/ started at 54.29
blink.ucsd.edu/ has not been visited!
ucsd.edu/about/a-to-z-index/index.html started at 54.29
ucsd.edu/about/a-to-z-index/index.html already visited!
ucsd.edu/index.html started at 54.29
ucsd.edu/index.html already visited!
campaign.ucsd.edu/ started at 54.75
campaign.ucsd.edu/ has not been visited!
ucsd.edu/index.html started at 54.83
ucsd.edu/index.html already visited!
ucsd.edu/about/index.html started at 54.84
ucsd.edu/about/index.html already visited!
ucsd.edu/about/a-to-z-index/index.html took 1.00 seconds

ucsd.edu/index.html took 1.00 seconds

about/visiting-tours/index.html started at 55.48
about/visiting-tours/index.html has not been visited!
blink.ucsd.edu/ is saved to disk
blink.ucsd.edu/ took 1.51 seconds

ucsd.edu/index.html took 1.00 seconds

ucsd.edu/about/index.html took 1.01 seconds

campaign.ucsd.edu/ is saved to disk
campaign.ucsd.edu/ took 1.48 seconds

ucsd.edu/timeline/index.html started at 57.09
ucsd.edu/timeline/index.html already visited!
ucsd.edu/timeline/index.html took 1.00 seconds

ucsdnews.ucsd.edu/ started at 58.29
ucsdnews.ucsd.edu/ has not been visited!
jobs.ucsd.edu/ started at 58.30
jobs.ucsd.edu/ has not been visited!
chancellor.ucsd.edu/ started at 58.81
chancellor.ucsd.edu/ has not been visited!
health.ucsd.edu/ started at 58.84
health.ucsd.edu/ has not been visited!
ucsd.edu/about/economic-impact-report.html started at 58.85
ucsd.edu/about/economic-impact-report.html already visited!
ucsd.edu/academics/ started at 59.23
ucsd.edu/academics/ already visited!
ucsd.edu/about/economic-impact-report.html took 1.01 seconds

jobs.ucsd.edu/ is saved to disk
jobs.ucsd.edu/ took 1.60 seconds

ucsd.edu/academics/ took 1.00 seconds

ucsdnews.ucsd.edu/ is saved to disk
ucsdnews.ucsd.edu/ took 2.23 seconds

health.ucsd.edu/ is saved to disk
health.ucsd.edu/ took 1.80 seconds

students.ucsd.edu started at 61.10
students.ucsd.edu has not been visited!
chancellor.ucsd.edu/ is saved to disk
chancellor.ucsd.edu/ took 2.41 seconds

students.ucsd.edu is saved to disk
students.ucsd.edu took 1.40 seconds

ucsd.edu/academics-detail.html started at 62.86
ucsd.edu/academics-detail.html already visited!
apply.grad.ucsd.edu/departments started at 62.90
apply.grad.ucsd.edu/departments has not been visited!
mycompass.ucsd.edu/public started at 63.23
mycompass.ucsd.edu/public has not been visited!
ucsd.edu/academics/academic-success.html started at 63.53
ucsd.edu/academics/academic-success.html already visited!
digitallearning.ucsd.edu/ started at 63.64
digitallearning.ucsd.edu/ has not been visited!
ucsd.edu/academics-detail.html took 1.00 seconds

extension.ucsd.edu/ started at 64.22
extension.ucsd.edu/ has not been visited!
apply.grad.ucsd.edu/departments is saved to disk
apply.grad.ucsd.edu/departments took 1.61 seconds

ucsd.edu/academics/academic-success.html took 1.00 seconds

mycompass.ucsd.edu/public is saved to disk
mycompass.ucsd.edu/public took 1.36 seconds

digitallearning.ucsd.edu/ is saved to disk
digitallearning.ucsd.edu/ took 1.46 seconds

library.ucsd.edu/ started at 65.51
library.ucsd.edu/ has not been visited!
extension.ucsd.edu/ is saved to disk
extension.ucsd.edu/ took 1.57 seconds

ucsd.edu/admissions-aid/index.html started at 66.87
ucsd.edu/admissions-aid/index.html already visited!
admissions.ucsd.edu/freshman/ started at 67.51
admissions.ucsd.edu/freshman/ has not been visited!
admissions.ucsd.edu/transfer/ started at 67.53
admissions.ucsd.edu/transfer/ already visited!
grad.ucsd.edu/admissions/ started at 67.59
grad.ucsd.edu/admissions/ has not been visited!
ucsd.edu/admissions-aid/index.html took 1.00 seconds

medschool.ucsd.edu/admissions/pages/default.aspx started at 68.10
medschool.ucsd.edu/admissions/pages/default.aspx has not been visited!
admissions.ucsd.edu/transfer/ took 1.00 seconds

pharmacy.ucsd.edu/admissions/admissions-general-information?_ga=2.30262271.1964092055.1569959880-2067626670.1569959880 started at 68.79
pharmacy.ucsd.edu/admissions/admissions-general-information?_ga=2.30262271.1964092055.1569959880-2067626670.1569959880 has not been visited!
admissions.ucsd.edu/freshman/ is saved to disk
admissions.ucsd.edu/freshman/ took 1.40 seconds

grad.ucsd.edu/admissions/ is saved to disk
grad.ucsd.edu/admissions/ took 1.58 seconds

medschool.ucsd.edu/admissions/pages/default.aspx is saved to disk
medschool.ucsd.edu/admissions/pages/default.aspx took 2.30 seconds

pharmacy.ucsd.edu/admissions/admissions-general-information?_ga=2.30262271.1964092055.1569959880-2067626670.1569959880 is saved to disk
pharmacy.ucsd.edu/admissions/admissions-general-information?_ga=2.30262271.1964092055.1569959880-2067626670.1569959880 took 1.61 seconds

fas.ucsd.edu/ started at 70.87
fas.ucsd.edu/ has not been visited!
ucsd.edu/research-innovation/index.html started at 71.54
ucsd.edu/research-innovation/index.html already visited!
ucsd.edu/research-innovation/research-initiatives.html started at 71.91
ucsd.edu/research-innovation/research-initiatives.html already visited!
ucsd.edu/research-innovation/student-opportunities.html started at 72.18
ucsd.edu/research-innovation/student-opportunities.html already visited!
fas.ucsd.edu/ is saved to disk
fas.ucsd.edu/ took 1.56 seconds

ucsd.edu/research-innovation/index.html took 1.00 seconds

ucsd.edu/research-innovation/research-initiatives.html took 1.00 seconds

ucsd.edu/research-innovation/student-opportunities.html took 1.00 seconds

ucsd.edu/campus-life/index.html started at 73.40
ucsd.edu/campus-life/index.html already visited!
ucsd.edu/campus-life/organizations/index.html started at 73.41
ucsd.edu/campus-life/organizations/index.html already visited!
ucsd.edu/campus-life/index.html took 1.00 seconds

ucsd.edu/campus-life/organizations/index.html took 1.00 seconds

ucsd.edu/campus-life/diversity/index.html started at 75.43
ucsd.edu/campus-life/diversity/index.html already visited!
calendar.ucsd.edu/ started at 75.54
calendar.ucsd.edu/ has not been visited!
ucsd.edu/campus-life/student-support.html started at 75.91
ucsd.edu/campus-life/student-support.html already visited!
studyabroad.ucsd.edu/ started at 76.18
studyabroad.ucsd.edu/ has not been visited!
ucsd.edu/campus-life/diversity/index.html took 1.00 seconds

ucsd.edu/campus-life/student-support.html took 1.00 seconds

career.ucsd.edu/ started at 77.41
career.ucsd.edu/ has not been visited!
athletics.ucsd.edu started at 77.42
athletics.ucsd.edu has not been visited!
studyabroad.ucsd.edu/ is saved to disk
studyabroad.ucsd.edu/ took 1.50 seconds

calendar.ucsd.edu/ is saved to disk
calendar.ucsd.edu/ took 2.80 seconds

athletics.ucsd.edu is saved to disk
athletics.ucsd.edu took 1.19 seconds

career.ucsd.edu/ is saved to disk
career.ucsd.edu/ took 1.52 seconds

ucsd.edu/support/index.html started at 79.44
ucsd.edu/support/index.html already visited!
alumni.ucsd.edu/ started at 79.92
alumni.ucsd.edu/ has not been visited!
ucsd.edu/support/index.html took 1.00 seconds

giving.ucsd.edu/ started at 80.68
giving.ucsd.edu/ has not been visited!
foundation.ucsd.edu/ started at 81.35
foundation.ucsd.edu/ has not been visited!
blink.ucsd.edu/ started at 81.61
blink.ucsd.edu/ already visited!
ucsd.edu/about/a-to-z-index/index.html started at 81.93
ucsd.edu/about/a-to-z-index/index.html already visited!
giving.ucsd.edu/ is saved to disk
giving.ucsd.edu/ took 1.91 seconds

blink.ucsd.edu/ took 1.00 seconds

foundation.ucsd.edu/ is saved to disk
foundation.ucsd.edu/ took 1.50 seconds

ucsd.edu/about/a-to-z-index/index.html took 1.00 seconds

ucsd.edu/about/index.html started at 83.44
ucsd.edu/about/index.html already visited!
ucsd.edu/about/index.html took 1.00 seconds

about/visiting-tours/index.html started at 85.60
about/visiting-tours/index.html already visited!
ucsd.edu/timeline/index.html started at 85.61
ucsd.edu/timeline/index.html already visited!
ucsdnews.ucsd.edu/ started at 85.85
ucsdnews.ucsd.edu/ already visited!
jobs.ucsd.edu/ started at 85.94
jobs.ucsd.edu/ already visited!
about/visiting-tours/index.html took 1.00 seconds

ucsd.edu/timeline/index.html took 1.00 seconds

ucsdnews.ucsd.edu/ took 1.00 seconds

jobs.ucsd.edu/ took 1.00 seconds

alumni.ucsd.edu/ is saved to disk
alumni.ucsd.edu/ took 7.48 seconds

chancellor.ucsd.edu/ started at 87.45
chancellor.ucsd.edu/ already visited!
chancellor.ucsd.edu/ took 1.01 seconds

health.ucsd.edu/ started at 89.60
health.ucsd.edu/ already visited!
ucsd.edu/about/economic-impact-report.html started at 89.62
ucsd.edu/about/economic-impact-report.html already visited!
ucsd.edu/academics/ started at 89.86
ucsd.edu/academics/ already visited!
students.ucsd.edu started at 89.94
students.ucsd.edu already visited!
ucsd.edu/academics-detail.html started at 90.40
ucsd.edu/academics-detail.html already visited!
health.ucsd.edu/ took 1.00 seconds

ucsd.edu/about/economic-impact-report.html took 1.00 seconds

ucsd.edu/academics/ took 1.00 seconds

students.ucsd.edu took 1.00 seconds

ucsd.edu/academics-detail.html took 1.00 seconds

